<?xml version="1.0" encoding="UTF-8"?>
<!-- Generated by org.testng.reporters.JUnitXMLReporter -->
<testsuite ignored="2" hostname="Aaru-PC" failures="0" tests="0" time="0.011" errors="0" timestamp="2024-02-01T02:04:49 EST">
  <testcase classname="SeleniumFrameworkPractice.Tests.ErrorValidation" name="InvalidLoginErrValidation" time="0.0">
    <ignored/>
  </testcase> <!-- InvalidLoginErrValidation -->
  <testcase classname="SeleniumFrameworkPractice.Tests.ErrorValidation" name="ProductErrorValidation" time="0.0">
    <ignored/>
  </testcase> <!-- ProductErrorValidation -->
</testsuite>
