<?xml version="1.0" encoding="UTF-8"?>
<!-- Generated by org.testng.reporters.JUnitXMLReporter -->
<testsuite ignored="1" hostname="Aaru-PC" failures="0" tests="2" name="Submit Order Test" time="25.785" errors="0" timestamp="2024-02-01T02:05:14 EST">
  <testcase classname="SeleniumFrameworkPractice.Tests.SubmitOrderTest" name="submitOrder" time="4.468"/>
  <testcase classname="SeleniumFrameworkPractice.Tests.SubmitOrderTest" name="submitOrder" time="7.281"/>
  <testcase classname="SeleniumFrameworkPractice.Tests.SubmitOrderTest" name="OrderHistoryTest" time="0.0">
    <ignored/>
  </testcase> <!-- OrderHistoryTest -->
</testsuite> <!-- Submit Order Test -->
