<?xml version="1.0" encoding="UTF-8"?>
<!-- Generated by org.testng.reporters.JUnitXMLReporter -->
<testsuite ignored="0" hostname="Aaru-PC" failures="2" tests="3" name="Error Validations Test" time="29.149" errors="0" timestamp="2024-02-01T00:55:12 EST">
  <testcase classname="SeleniumFrameworkPractice.Tests.ErrorValidation" name="InvalidLoginErrValidation" time="0.802">
    <skipped/>
  </testcase> <!-- InvalidLoginErrValidation -->
  <testcase classname="SeleniumFrameworkPractice.Tests.ErrorValidation" name="InvalidLoginErrValidation" time="1.252">
    <failure type="org.junit.ComparisonFailure" message="expected:&amp;lt;Incorrect email [] password.&amp;gt; but was:&amp;lt;Incorrect email [or] password.&amp;gt;">
      <![CDATA[org.junit.ComparisonFailure: expected:<Incorrect email [] password.> but was:<Incorrect email [or] password.>
at org.junit.Assert.assertEquals(Assert.java:117)
at org.junit.Assert.assertEquals(Assert.java:146)
at SeleniumFrameworkPractice.Tests.ErrorValidation.InvalidLoginErrValidation(ErrorValidation.java:21)
at java.base/java.util.ArrayList.forEach(ArrayList.java:1596)
at java.base/java.util.concurrent.FutureTask.run(FutureTask.java:317)
at java.base/java.util.concurrent.ThreadPoolExecutor.runWorker(ThreadPoolExecutor.java:1144)
at java.base/java.util.concurrent.ThreadPoolExecutor$Worker.run(ThreadPoolExecutor.java:642)
at java.base/java.lang.Thread.run(Thread.java:1583)
... Removed 15 stack frames]]>
    </failure>
  </testcase> <!-- InvalidLoginErrValidation -->
  <testcase classname="SeleniumFrameworkPractice.Tests.ErrorValidation" name="ProductErrorValidation" time="4.203">
    <failure type="java.lang.AssertionError" message="expected [true] but found [false]">
      <![CDATA[java.lang.AssertionError: expected [true] but found [false]
at SeleniumFrameworkPractice.Tests.ErrorValidation.ProductErrorValidation(ErrorValidation.java:32)
at java.base/java.util.ArrayList.forEach(ArrayList.java:1596)
at java.base/java.util.concurrent.FutureTask.run(FutureTask.java:317)
at java.base/java.util.concurrent.ThreadPoolExecutor.runWorker(ThreadPoolExecutor.java:1144)
at java.base/java.util.concurrent.ThreadPoolExecutor$Worker.run(ThreadPoolExecutor.java:642)
at java.base/java.lang.Thread.run(Thread.java:1583)
... Removed 19 stack frames]]>
    </failure>
  </testcase> <!-- ProductErrorValidation -->
</testsuite> <!-- Error Validations Test -->
